<?xml version="1.0" encoding="UTF-8"?>
<!-- Generated by org.testng.reporters.JUnitXMLReporter -->
<testsuite hostname="DESKTOP-K0J5U40" failures="0" tests="4" name="Test" time="51.806" errors="0" timestamp="2 Sep 2020 19:51:45 GMT">
  <testcase classname="resources.bookFlightTicket" name="bookTicket" time="15.382"/>
  <testcase classname="resources.bookFlightTicket" name="bookTicket" time="11.164"/>
  <testcase classname="resources.bookFlightTicket" name="bookTicket" time="10.348"/>
  <testcase classname="resources.bookFlightTicket" name="bookTicket" time="10.58"/>
</testsuite> <!-- Test -->
