<?xml version="1.0" encoding="UTF-8"?>
<!-- Generated by org.testng.reporters.JUnitXMLReporter -->
<testsuite hostname="DESKTOP-K0J5U40" failures="1" tests="1" name="Test3" time="10.678" errors="0" timestamp="7 Sep 2020 04:05:36 GMT">
  <testcase classname="resources.sortTableData" name="sortData" time="5.826">
    <failure type="java.lang.AssertionError" message="expected [true] but found [false]">
      <![CDATA[java.lang.AssertionError: expected [true] but found [false]
	at resources.sortTableData.sortData(sortTableData.java:51)
	at java.base/java.util.concurrent.FutureTask.run(FutureTask.java:264)
	at java.base/java.util.concurrent.ThreadPoolExecutor.runWorker(ThreadPoolExecutor.java:1130)
	at java.base/java.util.concurrent.ThreadPoolExecutor$Worker.run(ThreadPoolExecutor.java:630)
	at java.base/java.lang.Thread.run(Thread.java:832)
... Removed 20 stack frames]]>
    </failure>
  </testcase> <!-- sortData -->
</testsuite> <!-- Test3 -->
