<?xml version="1.0" encoding="UTF-8"?>
<!-- Generated by org.testng.reporters.JUnitXMLReporter -->
<testsuite hostname="DESKTOP-K0J5U40" failures="0" tests="4" name="Test1" time="67.159" errors="0" timestamp="9 Sep 2020 20:58:44 GMT">
  <testcase classname="resources.bookFlightTicket" name="bookTicket" time="24.648"/>
  <testcase classname="resources.bookFlightTicket" name="bookTicket" time="11.75"/>
  <testcase classname="resources.bookFlightTicket" name="bookTicket" time="9.597"/>
  <testcase classname="resources.bookFlightTicket" name="bookTicket" time="9.715"/>
</testsuite> <!-- Test1 -->
