<?xml version="1.0" encoding="UTF-8"?>
<testng-results total="8" passed="7" failed="1" skipped="0">
  <reporter-output>
  </reporter-output>
  <suite started-at="2020-09-09T20:57:37Z" name="Suite" finished-at="2020-09-09T20:58:44Z" duration-ms="67159">
    <groups>
    </groups>
    <test started-at="2020-09-09T20:57:37Z" name="Test2" finished-at="2020-09-09T20:57:49Z" duration-ms="12191">
      <class name="resources.Cricbuzz">
        <test-method is-config="true" signature="init()[pri:0, instance:resources.Cricbuzz@338c99c8]" started-at="2020-09-09T16:57:37Z" name="init" finished-at="2020-09-09T16:57:46Z" duration-ms="9508" status="PASS">
          <reporter-output>
          </reporter-output>
        </test-method> <!-- init -->
        <test-method signature="getScore()[pri:0, instance:resources.Cricbuzz@338c99c8]" started-at="2020-09-09T16:57:46Z" name="getScore" finished-at="2020-09-09T16:57:49Z" duration-ms="2665" status="PASS">
          <reporter-output>
          </reporter-output>
        </test-method> <!-- getScore -->
      </class> <!-- resources.Cricbuzz -->
    </test> <!-- Test2 -->
    <test started-at="2020-09-09T20:57:37Z" name="Test3" finished-at="2020-09-09T20:57:55Z" duration-ms="18183">
      <class name="resources.sortTableData">
        <test-method is-config="true" signature="init()[pri:0, instance:resources.sortTableData@70f02c32]" started-at="2020-09-09T16:57:37Z" name="init" finished-at="2020-09-09T16:57:47Z" duration-ms="10210" status="PASS">
          <reporter-output>
          </reporter-output>
        </test-method> <!-- init -->
        <test-method signature="sortData()[pri:0, instance:resources.sortTableData@70f02c32]" started-at="2020-09-09T16:57:47Z" name="sortData" finished-at="2020-09-09T16:57:55Z" duration-ms="7966" status="PASS">
          <reporter-output>
          </reporter-output>
        </test-method> <!-- sortData -->
      </class> <!-- resources.sortTableData -->
    </test> <!-- Test3 -->
    <test started-at="2020-09-09T20:57:37Z" name="Test4" finished-at="2020-09-09T20:57:58Z" duration-ms="20915">
      <class name="resources.GetTabNames">
        <test-method is-config="true" signature="init()[pri:0, instance:resources.GetTabNames@2c78d320]" started-at="2020-09-09T16:57:37Z" name="init" finished-at="2020-09-09T16:57:46Z" duration-ms="9203" status="PASS">
          <reporter-output>
          </reporter-output>
        </test-method> <!-- init -->
        <test-method signature="getTabNames()[pri:0, instance:resources.GetTabNames@2c78d320]" started-at="2020-09-09T16:57:46Z" name="getTabNames" finished-at="2020-09-09T16:57:58Z" duration-ms="11685" status="PASS">
          <reporter-output>
          </reporter-output>
        </test-method> <!-- getTabNames -->
      </class> <!-- resources.GetTabNames -->
    </test> <!-- Test4 -->
    <test started-at="2020-09-09T20:57:37Z" name="Test5" finished-at="2020-09-09T20:58:02Z" duration-ms="25112">
      <class name="resources.ActionClassTest">
        <test-method is-config="true" signature="init()[pri:0, instance:resources.ActionClassTest@26ceffa8]" started-at="2020-09-09T16:57:37Z" name="init" finished-at="2020-09-09T16:57:47Z" duration-ms="9703" status="PASS">
          <reporter-output>
          </reporter-output>
        </test-method> <!-- init -->
        <test-method signature="testAction()[pri:0, instance:resources.ActionClassTest@26ceffa8]" started-at="2020-09-09T16:57:47Z" name="testAction" finished-at="2020-09-09T16:58:01Z" duration-ms="14652" status="FAIL">
          <exception class="org.openqa.selenium.WebDriverException">
            <message>
              <![CDATA[TypeError: rect is undefined
Build info: version: '3.141.59', revision: 'e82be7d358', time: '2018-11-14T08:17:03'
System info: host: 'DESKTOP-K0J5U40', ip: '192.168.0.30', os.name: 'Windows 10', os.arch: 'amd64', os.version: '10.0', java.version: '14.0.1'
Driver info: org.openqa.selenium.firefox.FirefoxDriver
Capabilities {acceptInsecureCerts: true, browserName: firefox, browserVersion: 79.0, javascriptEnabled: true, moz:accessibilityChecks: false, moz:buildID: 20200720193547, moz:geckodriverVersion: 0.26.0, moz:headless: false, moz:processID: 11580, moz:profile: C:\Users\aniru\AppData\Loca..., moz:shutdownTimeout: 60000, moz:useNonSpecCompliantPointerOrigin: false, moz:webdriverClick: true, pageLoadStrategy: normal, platform: WINDOWS, platformName: WINDOWS, platformVersion: 10.0, rotatable: false, setWindowRect: true, strictFileInteractability: false, timeouts: {implicit: 0, pageLoad: 300000, script: 30000}, unhandledPromptBehavior: dismiss and notify}
Session ID: ea057e4a-9435-413c-8086-2ffe9882f8be]]>
            </message>
            <full-stacktrace>
              <![CDATA[org.openqa.selenium.WebDriverException: TypeError: rect is undefined
Build info: version: '3.141.59', revision: 'e82be7d358', time: '2018-11-14T08:17:03'
System info: host: 'DESKTOP-K0J5U40', ip: '192.168.0.30', os.name: 'Windows 10', os.arch: 'amd64', os.version: '10.0', java.version: '14.0.1'
Driver info: org.openqa.selenium.firefox.FirefoxDriver
Capabilities {acceptInsecureCerts: true, browserName: firefox, browserVersion: 79.0, javascriptEnabled: true, moz:accessibilityChecks: false, moz:buildID: 20200720193547, moz:geckodriverVersion: 0.26.0, moz:headless: false, moz:processID: 11580, moz:profile: C:\Users\aniru\AppData\Loca..., moz:shutdownTimeout: 60000, moz:useNonSpecCompliantPointerOrigin: false, moz:webdriverClick: true, pageLoadStrategy: normal, platform: WINDOWS, platformName: WINDOWS, platformVersion: 10.0, rotatable: false, setWindowRect: true, strictFileInteractability: false, timeouts: {implicit: 0, pageLoad: 300000, script: 30000}, unhandledPromptBehavior: dismiss and notify}
Session ID: ea057e4a-9435-413c-8086-2ffe9882f8be
	at java.base/jdk.internal.reflect.NativeConstructorAccessorImpl.newInstance0(Native Method)
	at java.base/jdk.internal.reflect.NativeConstructorAccessorImpl.newInstance(NativeConstructorAccessorImpl.java:62)
	at java.base/jdk.internal.reflect.DelegatingConstructorAccessorImpl.newInstance(DelegatingConstructorAccessorImpl.java:45)
	at java.base/java.lang.reflect.Constructor.newInstanceWithCaller(Constructor.java:500)
	at java.base/java.lang.reflect.Constructor.newInstance(Constructor.java:481)
	at org.openqa.selenium.remote.http.W3CHttpResponseCodec.createException(W3CHttpResponseCodec.java:187)
	at org.openqa.selenium.remote.http.W3CHttpResponseCodec.decode(W3CHttpResponseCodec.java:122)
	at org.openqa.selenium.remote.http.W3CHttpResponseCodec.decode(W3CHttpResponseCodec.java:49)
	at org.openqa.selenium.remote.HttpCommandExecutor.execute(HttpCommandExecutor.java:158)
	at org.openqa.selenium.remote.service.DriverCommandExecutor.execute(DriverCommandExecutor.java:83)
	at org.openqa.selenium.remote.RemoteWebDriver.execute(RemoteWebDriver.java:552)
	at org.openqa.selenium.remote.RemoteWebDriver.perform(RemoteWebDriver.java:618)
	at org.openqa.selenium.interactions.Actions$BuiltAction.perform(Actions.java:639)
	at resources.ActionClassTest.testAction(ActionClassTest.java:39)
	at java.base/jdk.internal.reflect.NativeMethodAccessorImpl.invoke0(Native Method)
	at java.base/jdk.internal.reflect.NativeMethodAccessorImpl.invoke(NativeMethodAccessorImpl.java:62)
	at java.base/jdk.internal.reflect.DelegatingMethodAccessorImpl.invoke(DelegatingMethodAccessorImpl.java:43)
	at java.base/java.lang.reflect.Method.invoke(Method.java:564)
	at org.testng.internal.MethodInvocationHelper.invokeMethod(MethodInvocationHelper.java:80)
	at org.testng.internal.Invoker.invokeMethod(Invoker.java:715)
	at org.testng.internal.Invoker.invokeTestMethod(Invoker.java:907)
	at org.testng.internal.Invoker.invokeTestMethods(Invoker.java:1237)
	at org.testng.internal.TestMethodWorker.invokeTestMethods(TestMethodWorker.java:127)
	at org.testng.internal.TestMethodWorker.run(TestMethodWorker.java:111)
	at org.testng.TestRunner.privateRun(TestRunner.java:767)
	at org.testng.TestRunner.run(TestRunner.java:617)
	at org.testng.SuiteRunner.runTest(SuiteRunner.java:334)
	at org.testng.SuiteRunner.access$000(SuiteRunner.java:37)
	at org.testng.SuiteRunner$SuiteWorker.run(SuiteRunner.java:368)
	at org.testng.internal.thread.ThreadUtil$2.call(ThreadUtil.java:64)
	at java.base/java.util.concurrent.FutureTask.run(FutureTask.java:264)
	at java.base/java.util.concurrent.ThreadPoolExecutor.runWorker(ThreadPoolExecutor.java:1130)
	at java.base/java.util.concurrent.ThreadPoolExecutor$Worker.run(ThreadPoolExecutor.java:630)
	at java.base/java.lang.Thread.run(Thread.java:832)
]]>
            </full-stacktrace>
          </exception> <!-- org.openqa.selenium.WebDriverException -->
          <reporter-output>
          </reporter-output>
        </test-method> <!-- testAction -->
      </class> <!-- resources.ActionClassTest -->
    </test> <!-- Test5 -->
    <test started-at="2020-09-09T20:57:37Z" name="Test1" finished-at="2020-09-09T20:58:44Z" duration-ms="67159">
      <class name="resources.bookFlightTicket">
        <test-method is-config="true" signature="init()[pri:0, instance:resources.bookFlightTicket@35645047]" started-at="2020-09-09T16:57:37Z" name="init" finished-at="2020-09-09T16:57:48Z" duration-ms="10813" status="PASS">
          <reporter-output>
          </reporter-output>
        </test-method> <!-- init -->
        <test-method signature="bookTicket(java.lang.String, java.lang.String)[pri:0, instance:resources.bookFlightTicket@35645047]" started-at="2020-09-09T16:57:48Z" name="bookTicket" data-provider="provideData" finished-at="2020-09-09T16:58:13Z" duration-ms="24648" status="PASS">
          <params>
            <param index="0">
              <value>
                <![CDATA[Bengaluru]]>
              </value>
            </param>
            <param index="1">
              <value>
                <![CDATA[Mumbai]]>
              </value>
            </param>
          </params>
          <reporter-output>
          </reporter-output>
        </test-method> <!-- bookTicket -->
        <test-method signature="bookTicket(java.lang.String, java.lang.String)[pri:0, instance:resources.bookFlightTicket@35645047]" started-at="2020-09-09T16:58:13Z" name="bookTicket" data-provider="provideData" finished-at="2020-09-09T16:58:25Z" duration-ms="11750" status="PASS">
          <params>
            <param index="0">
              <value>
                <![CDATA[Chennai]]>
              </value>
            </param>
            <param index="1">
              <value>
                <![CDATA[Mumbai]]>
              </value>
            </param>
          </params>
          <reporter-output>
          </reporter-output>
        </test-method> <!-- bookTicket -->
        <test-method signature="bookTicket(java.lang.String, java.lang.String)[pri:0, instance:resources.bookFlightTicket@35645047]" started-at="2020-09-09T16:58:25Z" name="bookTicket" data-provider="provideData" finished-at="2020-09-09T16:58:34Z" duration-ms="9597" status="PASS">
          <params>
            <param index="0">
              <value>
                <![CDATA[Coimbatore]]>
              </value>
            </param>
            <param index="1">
              <value>
                <![CDATA[Chennai]]>
              </value>
            </param>
          </params>
          <reporter-output>
          </reporter-output>
        </test-method> <!-- bookTicket -->
        <test-method signature="bookTicket(java.lang.String, java.lang.String)[pri:0, instance:resources.bookFlightTicket@35645047]" started-at="2020-09-09T16:58:34Z" name="bookTicket" data-provider="provideData" finished-at="2020-09-09T16:58:44Z" duration-ms="9715" status="PASS">
          <params>
            <param index="0">
              <value>
                <![CDATA[Ahmedabad]]>
              </value>
            </param>
            <param index="1">
              <value>
                <![CDATA[Madurai]]>
              </value>
            </param>
          </params>
          <reporter-output>
          </reporter-output>
        </test-method> <!-- bookTicket -->
      </class> <!-- resources.bookFlightTicket -->
    </test> <!-- Test1 -->
  </suite> <!-- Suite -->
</testng-results>
