<?xml version="1.0" encoding="UTF-8"?>
<testng-results total="1" passed="1" failed="0" skipped="0">
  <reporter-output>
  </reporter-output>
  <suite started-at="2020-09-29T04:35:35Z" name="Default suite" finished-at="2020-09-29T04:35:47Z" duration-ms="12401">
    <groups>
    </groups>
    <test started-at="2020-09-29T04:35:35Z" name="Default test" finished-at="2020-09-29T04:35:47Z" duration-ms="12401">
      <class name="resources.CricBuzzTest">
        <test-method is-config="true" signature="init()[pri:0, instance:resources.CricBuzzTest@2ea41516]" started-at="2020-09-29T00:35:35Z" name="init" finished-at="2020-09-29T00:35:39Z" duration-ms="4241" status="PASS">
          <reporter-output>
          </reporter-output>
        </test-method> <!-- init -->
        <test-method signature="testLiveScore()[pri:0, instance:resources.CricBuzzTest@2ea41516]" started-at="2020-09-29T00:35:39Z" name="testLiveScore" finished-at="2020-09-29T00:35:47Z" duration-ms="8147" status="PASS">
          <reporter-output>
          </reporter-output>
        </test-method> <!-- testLiveScore -->
      </class> <!-- resources.CricBuzzTest -->
    </test> <!-- Default test -->
  </suite> <!-- Default suite -->
</testng-results>
